<?xml version="1.0" encoding="UTF-8"?>
<!-- Generated by org.testng.reporters.JUnitReportReporter -->
<testsuite hostname="DESKTOP-QAT3DU5" failures="0" tests="2" name="testNG.Demo_Before_After_Method" time="0.023" errors="0" timestamp="2022-09-20T08:07:07 IST" skipped="0">
  <testcase classname="testNG.Demo_Before_After_Method" name="ticket" time="0.014"/>
  <system-out/>
  <testcase classname="testNG.Demo_Before_After_Method" name="payment" time="0.009"/>
  <system-out/>
</testsuite> <!-- testNG.Demo_Before_After_Method -->
