<?xml version="1.0" encoding="UTF-8"?>
<!-- Generated by org.testng.reporters.JUnitReportReporter -->
<testsuite hostname="DESKTOP-QAT3DU5" failures="0" tests="3" name="testNG.Test2" time="0.013" errors="0" timestamp="2022-09-18T13:54:21 IST" skipped="0">
  <testcase classname="testNG.Test2" name="Payment" time="0.009"/>
  <system-out/>
  <testcase classname="testNG.Test2" name="ticketBooking" time="0.002"/>
  <system-out/>
  <testcase classname="testNG.Test2" name="login" time="0.002"/>
  <system-out/>
</testsuite> <!-- testNG.Test2 -->
