<?xml version="1.0" encoding="UTF-8"?>
<!-- Generated by org.testng.reporters.JUnitReportReporter -->
<testsuite hostname="DESKTOP-QAT3DU5" failures="0" tests="1" name="testNG.Before_After_Class2" time="0.011" errors="0" timestamp="2022-09-22T15:37:03 IST" skipped="0">
  <testcase classname="testNG.Before_After_Class2" name="method1" time="0.011"/>
  <system-out/>
</testsuite> <!-- testNG.Before_After_Class2 -->
