<?xml version="1.0" encoding="UTF-8"?>
<!-- Generated by org.testng.reporters.JUnitReportReporter -->
<testsuite hostname="DESKTOP-QAT3DU5" failures="0" tests="2" name="testNG.Demo_Before_After_Class" time="0.004" errors="0" timestamp="2022-09-22T15:37:03 IST" skipped="0">
  <testcase classname="testNG.Demo_Before_After_Class" name="method2" time="0.002"/>
  <system-out/>
  <testcase classname="testNG.Demo_Before_After_Class" name="method1" time="0.002"/>
  <system-out/>
</testsuite> <!-- testNG.Demo_Before_After_Class -->
