<?xml version="1.0" encoding="UTF-8"?>
<!-- Generated by org.testng.reporters.JUnitReportReporter -->
<testsuite hostname="DESKTOP-QAT3DU5" failures="0" tests="3" name="testNG.Testng1" time="0.011" errors="0" timestamp="2022-09-18T13:38:51 IST" skipped="0">
  <testcase classname="testNG.Testng1" name="Payment" time="0.007"/>
  <system-out/>
  <testcase classname="testNG.Testng1" name="ticketBooking" time="0.002"/>
  <system-out/>
  <testcase classname="testNG.Testng1" name="login" time="0.002"/>
  <system-out/>
</testsuite> <!-- testNG.Testng1 -->
