<?xml version="1.0" encoding="UTF-8"?>
<!-- Generated by org.testng.reporters.JUnitReportReporter -->
<testsuite hostname="DESKTOP-QAT3DU5" failures="0" tests="1" name="restAssured.Get_Request" time="1.808" errors="0" timestamp="2022-09-30T12:55:21 IST" skipped="0">
  <testcase classname="restAssured.Get_Request" name="getAll" time="1.808"/>
  <system-out/>
</testsuite> <!-- restAssured.Get_Request -->
