<?xml version="1.0" encoding="UTF-8"?>
<!-- Generated by org.testng.reporters.JUnitReportReporter -->
<testsuite hostname="DESKTOP-QAT3DU5" failures="0" tests="1" name="restAssured.Validation" time="2.570" errors="0" timestamp="2022-09-30T18:09:02 IST" skipped="0">
  <testcase classname="restAssured.Validation" name="getAll" time="2.570"/>
  <system-out/>
</testsuite> <!-- restAssured.Validation -->
