<?xml version="1.0" encoding="UTF-8"?>
<!-- Generated by org.testng.reporters.JUnitReportReporter -->
<testsuite hostname="DESKTOP-QAT3DU5" failures="0" tests="3" name="testNG.DataDrivenTesting" time="43.823" errors="0" timestamp="2022-09-22T16:24:19 IST" skipped="0">
  <testcase classname="testNG.DataDrivenTesting" name="Login" time="22.335"/>
  <system-out/>
  <testcase classname="testNG.DataDrivenTesting" name="Login" time="11.212"/>
  <system-out/>
  <testcase classname="testNG.DataDrivenTesting" name="Login" time="10.276"/>
  <system-out/>
</testsuite> <!-- testNG.DataDrivenTesting -->
