<?xml version="1.0" encoding="UTF-8"?>
<!-- Generated by org.testng.reporters.JUnitReportReporter -->
<testsuite hostname="DESKTOP-QAT3DU5" failures="0" tests="1" name="restAssured.Post_Request" time="2.130" errors="0" timestamp="2022-09-30T13:18:44 IST" skipped="0">
  <testcase classname="restAssured.Post_Request" name="post" time="2.130"/>
  <system-out/>
</testsuite> <!-- restAssured.Post_Request -->
