<?xml version="1.0" encoding="UTF-8"?>
<!-- Generated by org.testng.reporters.JUnitReportReporter -->
<testsuite hostname="DESKTOP-QAT3DU5" failures="0" tests="2" name="testNG.Demo_Before_After_Test" time="0.011" errors="0" timestamp="2022-09-20T08:08:05 IST" skipped="0">
  <testcase classname="testNG.Demo_Before_After_Test" name="ticket" time="0.011"/>
  <system-out/>
  <testcase classname="testNG.Demo_Before_After_Test" name="payment" time="0.000"/>
  <system-out/>
</testsuite> <!-- testNG.Demo_Before_After_Test -->
