<?xml version="1.0" encoding="UTF-8"?>
<!-- Generated by org.testng.reporters.JUnitReportReporter -->
<testsuite hostname="DESKTOP-QAT3DU5" failures="0" tests="3" name="testNG.Before_After_Group" time="0.016" errors="0" timestamp="2022-09-22T15:56:59 IST" skipped="0">
  <testcase classname="testNG.Before_After_Group" name="method2" time="0.003"/>
  <system-out/>
  <testcase classname="testNG.Before_After_Group" name="method3" time="0.002"/>
  <system-out/>
  <testcase classname="testNG.Before_After_Group" name="method1" time="0.011"/>
  <system-out/>
</testsuite> <!-- testNG.Before_After_Group -->
