<?xml version="1.0" encoding="UTF-8"?>
<!-- Generated by org.testng.reporters.JUnitReportReporter -->
<testsuite hostname="DESKTOP-QAT3DU5" failures="0" tests="1" name="restAssured.Put_Request" time="2.154" errors="0" timestamp="2022-09-30T13:19:25 IST" skipped="0">
  <testcase classname="restAssured.Put_Request" name="post" time="2.154"/>
  <system-out/>
</testsuite> <!-- restAssured.Put_Request -->
