<?xml version="1.0" encoding="UTF-8"?>
<!-- Generated by org.testng.reporters.JUnitReportReporter -->
<testsuite hostname="DESKTOP-QAT3DU5" failures="0" tests="1" name="testNG.Test1" time="0.001" errors="0" timestamp="2022-09-18T13:54:21 IST" skipped="0">
  <testcase classname="testNG.Test1" name="Redbus" time="0.001"/>
  <system-out/>
</testsuite> <!-- testNG.Test1 -->
