<?xml version="1.0" encoding="UTF-8"?>
<!-- Generated by org.testng.reporters.JUnitReportReporter -->
<testsuite hostname="DESKTOP-QAT3DU5" failures="0" tests="1" name="restAssured.GetID_Request" time="1.875" errors="0" timestamp="2022-09-30T13:12:02 IST" skipped="0">
  <testcase classname="restAssured.GetID_Request" name="getAll" time="1.875"/>
  <system-out/>
</testsuite> <!-- restAssured.GetID_Request -->
