<?xml version="1.0" encoding="UTF-8"?>
<!-- Generated by org.testng.reporters.JUnitReportReporter -->
<testsuite hostname="DESKTOP-QAT3DU5" failures="0" tests="3" name="testNG.Demo_Test_Parameters" time="0.009" errors="0" timestamp="2022-09-22T15:42:04 IST" skipped="1">
  <testcase classname="testNG.Demo_Test_Parameters" name="method2" time="0.008"/>
  <system-out/>
  <testcase classname="testNG.Demo_Test_Parameters" name="method3" time="0.001"/>
  <system-out/>
  <testcase classname="testNG.Demo_Test_Parameters" name="method1">
    <skipped/>
  </testcase> <!-- method1 -->
  <system-out/>
</testsuite> <!-- testNG.Demo_Test_Parameters -->
