<?xml version="1.0" encoding="UTF-8"?>
<!-- Generated by org.testng.reporters.JUnitReportReporter -->
<testsuite hostname="DESKTOP-QAT3DU5" failures="0" tests="3" name="testNG.Datadriven" time="60.281" errors="0" timestamp="2022-09-22T16:18:00 IST" skipped="0">
  <testcase classname="testNG.Datadriven" name="Login" time="24.090"/>
  <system-out/>
  <testcase classname="testNG.Datadriven" name="Login" time="16.425"/>
  <system-out/>
  <testcase classname="testNG.Datadriven" name="Login" time="19.766"/>
  <system-out/>
</testsuite> <!-- testNG.Datadriven -->
