<?xml version="1.0" encoding="UTF-8"?>
<!-- Generated by org.testng.reporters.JUnitReportReporter -->
<testsuite hostname="DESKTOP-QAT3DU5" failures="0" tests="2" name="testNG.Before_After_Class3" time="0.005" errors="0" timestamp="2022-09-22T15:37:03 IST" skipped="0">
  <testcase classname="testNG.Before_After_Class3" name="method2" time="0.002"/>
  <system-out/>
  <testcase classname="testNG.Before_After_Class3" name="method1" time="0.003"/>
  <system-out/>
</testsuite> <!-- testNG.Before_After_Class3 -->
